d:\hobby\programiren\projekty\hatred\hatred\debug\hatred.pch
d:\hobby\programiren\projekty\hatred\hatred\debug\vc120.pdb
d:\hobby\programiren\projekty\hatred\hatred\debug\vc120.idb
d:\hobby\programiren\projekty\hatred\hatred\debug\stdafx.obj
d:\hobby\programiren\projekty\hatred\hatred\debug\bluetoothadapter.obj
d:\hobby\programiren\projekty\hatred\hatred\debug\hatred.obj
d:\hobby\programiren\projekty\hatred\hatred\debug\server.obj
d:\hobby\programiren\projekty\hatred\hatred\debug\serverrx.obj
d:\hobby\programiren\projekty\hatred\hatred\debug\servertx.obj
d:\hobby\programiren\projekty\hatred\debug\hatred.pdb
d:\hobby\programiren\projekty\hatred\hatred\debug\hatred.tlog\cl.command.1.tlog
d:\hobby\programiren\projekty\hatred\hatred\debug\hatred.tlog\cl.read.1.tlog
d:\hobby\programiren\projekty\hatred\hatred\debug\hatred.tlog\cl.write.1.tlog
d:\hobby\programiren\projekty\hatred\hatred\debug\hatred.tlog\link-cvtres.read.1.tlog
d:\hobby\programiren\projekty\hatred\hatred\debug\hatred.tlog\link-cvtres.write.1.tlog
d:\hobby\programiren\projekty\hatred\hatred\debug\hatred.tlog\link-rc.read.1.tlog
d:\hobby\programiren\projekty\hatred\hatred\debug\hatred.tlog\link-rc.write.1.tlog
d:\hobby\programiren\projekty\hatred\hatred\debug\hatred.tlog\link.2844-cvtres.read.1.tlog
d:\hobby\programiren\projekty\hatred\hatred\debug\hatred.tlog\link.2844-cvtres.write.1.tlog
d:\hobby\programiren\projekty\hatred\hatred\debug\hatred.tlog\link.2844-rc.read.1.tlog
d:\hobby\programiren\projekty\hatred\hatred\debug\hatred.tlog\link.2844-rc.write.1.tlog
d:\hobby\programiren\projekty\hatred\hatred\debug\hatred.tlog\link.2844.read.1.tlog
d:\hobby\programiren\projekty\hatred\hatred\debug\hatred.tlog\link.2844.write.1.tlog
d:\hobby\programiren\projekty\hatred\hatred\debug\hatred.tlog\link.command.1.tlog
d:\hobby\programiren\projekty\hatred\hatred\debug\hatred.tlog\link.read.1.tlog
d:\hobby\programiren\projekty\hatred\hatred\debug\hatred.tlog\link.write.1.tlog
